<?xml version="1.0" encoding="UTF-8"?>
<!-- Generated by org.testng.reporters.JUnitXMLReporter -->
<testsuite ignored="0" hostname="Hp-PC" failures="1" tests="4" name="FinalProject" time="33.64" errors="0" timestamp="2020-04-01T14:06:24 CEST">
  <testcase classname="main_testing.HomePageTest" name="dresses_SummerDressesTest" time="11.709"/>
  <testcase classname="main_testing.HomePageTest" name="samePage" time="11.022"/>
  <testcase classname="main_testing.HomePageTest" name="women_SummerDressesTest" time="6.265"/>
  <testcase classname="main_testing.SummerDressesTest" name="addingDress" time="0.002">
    <failure type="java.lang.NullPointerException">
      <![CDATA[java.lang.NullPointerException
at web_page.SummerDressesPage.getToSummerDressesPage(SummerDressesPage.java:16)
at main_testing.SummerDressesTest.addingDress(SummerDressesTest.java:22)
at java.base/java.util.ArrayList.forEach(ArrayList.java:1507)
... Removed 27 stack frames]]>
    </failure>
  </testcase> <!-- addingDress -->
</testsuite> <!-- FinalProject -->
