<?xml version="1.0" encoding="UTF-8"?>
<!-- Generated by org.testng.reporters.JUnitXMLReporter -->
<testsuite ignored="0" hostname="Hp-PC" failures="0" tests="3" name="HomePageTest" time="35.38" errors="0" timestamp="2020-04-02T23:10:11 CEST">
  <testcase classname="main_testing.HomePageTest" name="dresses_SummerDressesTest" time="11.392"/>
  <testcase classname="main_testing.HomePageTest" name="samePage" time="12.368"/>
  <testcase classname="main_testing.HomePageTest" name="women_SummerDressesTest" time="7.373"/>
</testsuite> <!-- HomePageTest -->
