<?xml version="1.0" encoding="UTF-8"?>
<!-- Generated by org.testng.reporters.JUnitXMLReporter -->
<testsuite ignored="0" hostname="Hp-PC" failures="1" tests="1" name="test2" time="0.012" errors="0" timestamp="2020-04-01T14:19:16 CEST">
  <testcase classname="main_testing.SummerDressesTest" name="addingDress" time="0.003">
    <failure type="java.lang.NullPointerException">
      <![CDATA[java.lang.NullPointerException
at web_page.SummerDressesPage.navigateToSummerDresses(SummerDressesPage.java:69)
at main_testing.SummerDressesTest.addingDress(SummerDressesTest.java:16)
at java.base/java.util.ArrayList.forEach(ArrayList.java:1507)
... Removed 27 stack frames]]>
    </failure>
  </testcase> <!-- addingDress -->
</testsuite> <!-- test2 -->
