<?xml version="1.0" encoding="UTF-8"?>
<!-- Generated by org.testng.reporters.JUnitXMLReporter -->
<testsuite ignored="0" hostname="Hp-PC" failures="1" tests="4" name="Test" time="31.956" errors="0" timestamp="2020-04-01T15:02:01 CEST">
  <testcase classname="main_testing.HomePageTest" name="dresses_SummerDressesTest" time="10.195"/>
  <testcase classname="main_testing.HomePageTest" name="samePage" time="11.395"/>
  <testcase classname="main_testing.HomePageTest" name="women_SummerDressesTest" time="6.819"/>
  <testcase classname="main_testing.SummerDressesTest" name="addingDress" time="0.003">
    <failure type="java.lang.NullPointerException">
      <![CDATA[java.lang.NullPointerException
at web_page.SummerDressesPage.navigateToSummerDresses(SummerDressesPage.java:69)
at main_testing.SummerDressesTest.addingDress(SummerDressesTest.java:24)
at java.base/java.util.ArrayList.forEach(ArrayList.java:1507)
... Removed 27 stack frames]]>
    </failure>
  </testcase> <!-- addingDress -->
</testsuite> <!-- Test -->
