<?xml version="1.0" encoding="UTF-8"?>
<!-- Generated by org.testng.reporters.JUnitXMLReporter -->
<testsuite ignored="0" hostname="Hp-PC" failures="4" tests="4" name="FinalProject" time="0.103" errors="0" timestamp="2020-04-01T13:58:33 CEST">
  <testcase classname="main_testing.HomePageTest" name="dresses_SummerDressesTest" time="0.016">
    <failure type="java.lang.NullPointerException">
      <![CDATA[java.lang.NullPointerException
at web_page.HomePage.getToHomePage(HomePage.java:15)
at main_testing.HomePageTest.dresses_SummerDressesTest(HomePageTest.java:28)
at java.base/java.util.ArrayList.forEach(ArrayList.java:1507)
... Removed 27 stack frames]]>
    </failure>
  </testcase> <!-- dresses_SummerDressesTest -->
  <testcase classname="main_testing.HomePageTest" name="samePage" time="0.002">
    <failure type="java.lang.NullPointerException">
      <![CDATA[java.lang.NullPointerException
at web_page.HomePage.getToHomePage(HomePage.java:15)
at main_testing.HomePageTest.samePage(HomePageTest.java:42)
at java.base/java.util.ArrayList.forEach(ArrayList.java:1507)
... Removed 27 stack frames]]>
    </failure>
  </testcase> <!-- samePage -->
  <testcase classname="main_testing.HomePageTest" name="women_SummerDressesTest" time="0.002">
    <failure type="java.lang.NullPointerException">
      <![CDATA[java.lang.NullPointerException
at web_page.HomePage.getToHomePage(HomePage.java:15)
at main_testing.HomePageTest.women_SummerDressesTest(HomePageTest.java:15)
at java.base/java.util.ArrayList.forEach(ArrayList.java:1507)
... Removed 27 stack frames]]>
    </failure>
  </testcase> <!-- women_SummerDressesTest -->
  <testcase classname="main_testing.SummerDressesTest" name="addingDress" time="0.003">
    <failure type="java.lang.NullPointerException">
      <![CDATA[java.lang.NullPointerException
at web_page.SummerDressesPage.getToSummerDressesPage(SummerDressesPage.java:16)
at main_testing.SummerDressesTest.addingDress(SummerDressesTest.java:15)
at java.base/java.util.ArrayList.forEach(ArrayList.java:1507)
... Removed 27 stack frames]]>
    </failure>
  </testcase> <!-- addingDress -->
</testsuite> <!-- FinalProject -->
